<?xml version="1.0" encoding="UTF-8"?>
<testsuite xmlns:xsi="http://www.w3.org/2001/XMLSchema-instance" xsi:noNamespaceSchemaLocation="https://maven.apache.org/surefire/maven-surefire-plugin/xsd/surefire-test-report-3.0.xsd" version="3.0" name="pl.qaaacademy.todo.item.BasicTodoItemPropertiesTest" time="0.334" tests="20" errors="0" skipped="0" failures="0">
  <properties>
[...]
</properties>
  <testcase name="shouldCreateTodoItemWithTitleAndDescription" classname="pl.qaaacademy.todo.item.BasicTodoItemPropertiesTest" time="0.164"/>
  <testcase name="shouldThrowExceptionWhenTryingToCompleteAnItemThatIsPending" classname="pl.qaaacademy.todo.item.BasicTodoItemPropertiesTest" time="0.003"/>
  <testcase name="shouldToggleStatusFromInProgressToPending" classname="pl.qaaacademy.todo.item.BasicTodoItemPropertiesTest" time="0.001"/>
  <testcase name="shouldThrowExceptionWhenTryingToCompleteAnItemThatIsCompleted" classname="pl.qaaacademy.todo.item.BasicTodoItemPropertiesTest" time="0.001"/>
  <testcase name="shouldToggleStatusFromPendingToInProgress" classname="pl.qaaacademy.todo.item.BasicTodoItemPropertiesTest" time="0"/>
  <testcase name="shouldNotSetANullNewDescription" classname="pl.qaaacademy.todo.item.BasicTodoItemPropertiesTest" time="0.173">
    <system-out><![CDATA[11:00:11.400 [ForkJoinPool-1-worker-3] ERROR pl.qaaacademy.todo.item.TodoItem - Title cannot be null or blank
11:00:11.400 [ForkJoinPool-1-worker-11] ERROR pl.qaaacademy.todo.item.TodoItem - Title has to meet all of the given criteria!
11:00:11.400 [ForkJoinPool-1-worker-7] ERROR pl.qaaacademy.todo.item.TodoItem - Status connot be changed for COMPLETED item
11:00:11.400 [ForkJoinPool-1-worker-1] ERROR pl.qaaacademy.todo.item.TodoItem - Description cannot be null or longer than 250 characters
11:00:11.400 [ForkJoinPool-1-worker-13] ERROR pl.qaaacademy.todo.item.TodoItem - Title cannot be null or blank
]]></system-out>
  </testcase>
  <testcase name="shouldNotToggleStatusFromCompletedTOInProgress" classname="pl.qaaacademy.todo.item.BasicTodoItemPropertiesTest" time="0.173"/>
  <testcase name="checkingIfExceptionIsThrownWhileSettingTitleThatDoesNotMeetSpecifiedCriteria" classname="pl.qaaacademy.todo.item.BasicTodoItemPropertiesTest" time="0.006"/>
  <testcase name="shouldThrowAnExceptionWileSettingAnEmptyTitle" classname="pl.qaaacademy.todo.item.BasicTodoItemPropertiesTest" time="0.173"/>
  <testcase name="shouldThrowAnExceptionWhileCreatingItemWithEmptyTitle" classname="pl.qaaacademy.todo.item.BasicTodoItemPropertiesTest" time="0.016"/>
  <testcase name="shouldNotCreateATodoItemWithNullDescription" classname="pl.qaaacademy.todo.item.BasicTodoItemPropertiesTest" time="0.001">
    <system-out><![CDATA[11:00:11.410 [ForkJoinPool-1-worker-1] ERROR pl.qaaacademy.todo.item.TodoItem - Description cannot be null or longer than 250 characters
11:00:11.411 [ForkJoinPool-1-worker-11] ERROR pl.qaaacademy.todo.item.TodoItem - Description cannot be null or longer than 250 characters
]]></system-out>
  </testcase>
  <testcase name="shouldNotCreateATodoItemWithDescriptionLongerThan250Characters" classname="pl.qaaacademy.todo.item.BasicTodoItemPropertiesTest" time="0.001"/>
  <testcase name="shouldCompleteATaskRepresented" classname="pl.qaaacademy.todo.item.BasicTodoItemPropertiesTest" time="0.008">
    <system-out><![CDATA[11:00:11.412 [ForkJoinPool-1-worker-7] ERROR pl.qaaacademy.todo.item.TodoItem - Description cannot be null or longer than 250 characters
]]></system-out>
  </testcase>
  <testcase name="shouldNotSetADescriptionLongerThan250Characters" classname="pl.qaaacademy.todo.item.BasicTodoItemPropertiesTest" time="0.001"/>
  <testcase name="shouldCreateValidTodoItemsCsvFileSource(String, String)[2]" classname="pl.qaaacademy.todo.item.BasicTodoItemPropertiesTest" time="0.032"/>
  <testcase name="shouldCreateValidTodoItemsWithArgumentsSource(String, String)[2]" classname="pl.qaaacademy.todo.item.BasicTodoItemPropertiesTest" time="0.013"/>
  <testcase name="shouldCreateValidTodoItemsCsvFileSource(String, String)[1]" classname="pl.qaaacademy.todo.item.BasicTodoItemPropertiesTest" time="0.015"/>
  <testcase name="shouldCreateValidTodoItemsWithArgumentsSource(String, String)[3]" classname="pl.qaaacademy.todo.item.BasicTodoItemPropertiesTest" time="0.013"/>
  <testcase name="shouldCreateValidTodoItemsCsvFileSource(String, String)[3]" classname="pl.qaaacademy.todo.item.BasicTodoItemPropertiesTest" time="0.014"/>
  <testcase name="shouldCreateValidTodoItemsWithArgumentsSource(String, String)[1]" classname="pl.qaaacademy.todo.item.BasicTodoItemPropertiesTest" time="0.001"/>
</testsuite>